[debug] [2024-09-02T18:40:44.206Z] ----------------------------------------------------------------------
[debug] [2024-09-02T18:40:44.209Z] Command:       /opt/homebrew/Cellar/node/22.7.0/bin/node /opt/homebrew/bin/firebase serve
[debug] [2024-09-02T18:40:44.209Z] CLI Version:   13.16.0
[debug] [2024-09-02T18:40:44.209Z] Platform:      darwin
[debug] [2024-09-02T18:40:44.209Z] Node Version:  v22.7.0
[debug] [2024-09-02T18:40:44.209Z] Time:          Mon Sep 02 2024 14:40:44 GMT-0400 (Eastern Daylight Time)
[debug] [2024-09-02T18:40:44.209Z] ----------------------------------------------------------------------
[debug] 
[debug] [2024-09-02T18:40:44.251Z] > command requires scopes: ["email","openid","https://www.googleapis.com/auth/cloudplatformprojects.readonly","https://www.googleapis.com/auth/firebase","https://www.googleapis.com/auth/cloud-platform"]
[debug] [2024-09-02T18:40:44.251Z] > authorizing via signed-in user (liubodong04@gmail.com)
[debug] [2024-09-02T18:40:44.251Z] [iam] checking project study-smart-bdf00 for permissions ["firebase.projects.get"]
[debug] [2024-09-02T18:40:44.252Z] >>> [apiv2][query] POST https://cloudresourcemanager.googleapis.com/v1/projects/study-smart-bdf00:testIamPermissions [none]
[debug] [2024-09-02T18:40:44.252Z] >>> [apiv2][(partial)header] POST https://cloudresourcemanager.googleapis.com/v1/projects/study-smart-bdf00:testIamPermissions x-goog-quota-user=projects/study-smart-bdf00
[debug] [2024-09-02T18:40:44.252Z] >>> [apiv2][body] POST https://cloudresourcemanager.googleapis.com/v1/projects/study-smart-bdf00:testIamPermissions {"permissions":["firebase.projects.get"]}
[debug] [2024-09-02T18:40:44.466Z] <<< [apiv2][status] POST https://cloudresourcemanager.googleapis.com/v1/projects/study-smart-bdf00:testIamPermissions 200
[debug] [2024-09-02T18:40:44.466Z] <<< [apiv2][body] POST https://cloudresourcemanager.googleapis.com/v1/projects/study-smart-bdf00:testIamPermissions {"permissions":["firebase.projects.get"]}
[debug] [2024-09-02T18:40:44.466Z] >>> [apiv2][query] GET https://firebase.googleapis.com/v1beta1/projects/study-smart-bdf00 [none]
[debug] [2024-09-02T18:40:44.772Z] <<< [apiv2][status] GET https://firebase.googleapis.com/v1beta1/projects/study-smart-bdf00 200
[debug] [2024-09-02T18:40:44.772Z] <<< [apiv2][body] GET https://firebase.googleapis.com/v1beta1/projects/study-smart-bdf00 {"projectId":"study-smart-bdf00","projectNumber":"283078680388","displayName":"Study-Smart","name":"projects/study-smart-bdf00","resources":{"hostingSite":"study-smart-bdf00"},"state":"ACTIVE","etag":"1_f1222618-a4de-47da-882e-c7b1c0bf295c"}
[info] 
[info] === Serving from '/Users/liubodong/Documents/Projects/Study Smart/study-smart'...
[info] 
[debug] [2024-09-02T18:40:44.778Z] >>> [apiv2][query] GET https://firebasehosting.googleapis.com/v1beta1/projects/study-smart-bdf00/sites 
[debug] [2024-09-02T18:40:45.188Z] <<< [apiv2][status] GET https://firebasehosting.googleapis.com/v1beta1/projects/study-smart-bdf00/sites 200
[debug] [2024-09-02T18:40:45.188Z] <<< [apiv2][body] GET https://firebasehosting.googleapis.com/v1beta1/projects/study-smart-bdf00/sites {"sites":[{"name":"projects/study-smart-bdf00/sites/study-smart-bdf00","defaultUrl":"https://study-smart-bdf00.web.app","appId":"1:283078680388:web:cee5b928a574b3e8ef4111","type":"DEFAULT_SITE"}]}
[debug] [2024-09-02T18:40:45.189Z] >>> [apiv2][query] GET https://firebase.googleapis.com/v1beta1/projects/study-smart-bdf00/webApps/1:283078680388:web:cee5b928a574b3e8ef4111/config [none]
[debug] [2024-09-02T18:40:45.609Z] <<< [apiv2][status] GET https://firebase.googleapis.com/v1beta1/projects/study-smart-bdf00/webApps/1:283078680388:web:cee5b928a574b3e8ef4111/config 200
[debug] [2024-09-02T18:40:45.610Z] <<< [apiv2][body] GET https://firebase.googleapis.com/v1beta1/projects/study-smart-bdf00/webApps/1:283078680388:web:cee5b928a574b3e8ef4111/config {"projectId":"study-smart-bdf00","appId":"1:283078680388:web:cee5b928a574b3e8ef4111","storageBucket":"study-smart-bdf00.appspot.com","apiKey":"AIzaSyCKKljtSFIO2CeXSkaAs1rdOcw4oB0yaQU","authDomain":"study-smart-bdf00.firebaseapp.com","messagingSenderId":"283078680388","measurementId":"G-STWQ5MVTW2"}
[debug] [2024-09-02T18:40:45.617Z] >>> [apiv2][query] GET https://firebase.googleapis.com/v1beta1/projects/study-smart-bdf00 [none]
[debug] [2024-09-02T18:40:45.930Z] <<< [apiv2][status] GET https://firebase.googleapis.com/v1beta1/projects/study-smart-bdf00 200
[debug] [2024-09-02T18:40:45.930Z] <<< [apiv2][body] GET https://firebase.googleapis.com/v1beta1/projects/study-smart-bdf00 {"projectId":"study-smart-bdf00","projectNumber":"283078680388","displayName":"Study-Smart","name":"projects/study-smart-bdf00","resources":{"hostingSite":"study-smart-bdf00"},"state":"ACTIVE","etag":"1_f1222618-a4de-47da-882e-c7b1c0bf295c"}
[info] i  hosting[study-smart-bdf00]: Serving hosting files from: public {"metadata":{"emulator":{"name":"hosting"},"message":"Serving hosting files from: \u001b[1mpublic\u001b[22m"}}
[info] ✔  hosting[study-smart-bdf00]: Local server: http://localhost:5002 {"metadata":{"emulator":{"name":"hosting"},"message":"Local server: \u001b[4m\u001b[1mhttp://localhost:5002\u001b[22m\u001b[24m"}}
[info] i  hosting: ::1 - - [02/Sep/2024:18:40:58 +0000] "GET / HTTP/1.1" 500 - "-" "Mozilla/5.0 (Macintosh; Intel Mac OS X 10_15_7) AppleWebKit/605.1.15 (KHTML, like Gecko) Version/17.1 Safari/605.1.15" {"metadata":{"emulator":{"name":"hosting"},"message":"::1 - - [02/Sep/2024:18:40:58 +0000] \"GET / HTTP/1.1\" 500 - \"-\" \"Mozilla/5.0 (Macintosh; Intel Mac OS X 10_15_7) AppleWebKit/605.1.15 (KHTML, like Gecko) Version/17.1 Safari/605.1.15\""}}
